<?xml version="1.0" encoding="UTF-8"?>
        <!DOCTYPE mapper PUBLIC "-//mybatis.org//DTD Mapper 3.0//EN" "http://mybatis.org/dtd/mybatis-3-mapper.dtd">

<mapper namespace="com.springboot_portfolio.mapper.TestMapper">

<select id="getAll" resultType="com.springboot_portfolio.vo.TestVo">
    SELECT * FROM TEST01    <!--테스트로 전체 값을 불러온다.-->
</select>

</mapper>